<?xml version="1.0" encoding="UTF-8"?>
<!-- Generated by org.testng.reporters.JUnitReportReporter -->
<testsuite skipped="0" hostname="WINDOWS-BQKBTT7" name="com.pack.home.TestExecution.TestRun" tests="12" failures="0" timestamp="24 Oct 2017 13:44:58 GMT" time="89.495" errors="0">
  <testcase name="parentallink" time="6.496" classname="com.pack.home.TestExecution.TestRun"/>
  <testcase name="login" time="20.535" classname="com.pack.home.TestExecution.TestRun"/>
  <testcase name="blockedlink" time="5.199" classname="com.pack.home.TestExecution.TestRun"/>
  <testcase name="selectlink" time="1.020" classname="com.pack.home.TestExecution.TestRun"/>
  <testcase name="selectlink2" time="1.012" classname="com.pack.home.TestExecution.TestRun"/>
  <testcase name="advancedlink" time="5.115" classname="com.pack.home.TestExecution.TestRun"/>
  <testcase name="customlink" time="5.122" classname="com.pack.home.TestExecution.TestRun"/>
  <testcase name="Customurl" time="12.997" classname="com.pack.home.TestExecution.TestRun"/>
  <testcase name="Schedulelink" time="5.260" classname="com.pack.home.TestExecution.TestRun"/>
  <testcase name="timeschedule1" time="5.154" classname="com.pack.home.TestExecution.TestRun"/>
  <testcase name="Paybilllink" time="3.218" classname="com.pack.home.TestExecution.TestRun"/>
  <testcase name="timeblock" time="18.367" classname="com.pack.home.TestExecution.TestRun"/>
</testsuite> <!-- com.pack.home.TestExecution.TestRun -->
